2020-03-19 21:54:23,947 INFO org.springframework.boot.StartupInfoLogger [main] Starting SecurityappsApplication on Raj with PID 16932 (G:\project\securityapps\securityapps\target\classes started by cyber in G:\project\securityapps)
2020-03-19 21:54:23,961 INFO org.springframework.boot.SpringApplication [main] No active profile set, falling back to default profiles: default
2020-03-19 21:54:30,259 INFO org.springframework.boot.web.embedded.tomcat.TomcatWebServer [main] Tomcat initialized with port(s): 8813 (http)
2020-03-19 21:54:30,298 INFO org.apache.juli.logging.DirectJDKLog [main] Initializing ProtocolHandler ["http-nio-8813"]
2020-03-19 21:54:30,300 INFO org.apache.juli.logging.DirectJDKLog [main] Starting service [Tomcat]
2020-03-19 21:54:30,302 INFO org.apache.juli.logging.DirectJDKLog [main] Starting Servlet engine: [Apache Tomcat/9.0.31]
2020-03-19 21:54:30,572 INFO org.apache.juli.logging.DirectJDKLog [main] Initializing Spring embedded WebApplicationContext
2020-03-19 21:54:30,576 INFO org.springframework.boot.web.servlet.context.ServletWebServerApplicationContext [main] Root WebApplicationContext: initialization completed in 6042 ms
2020-03-19 21:54:31,138 INFO org.springframework.scheduling.concurrent.ExecutorConfigurationSupport [main] Initializing ExecutorService 'applicationTaskExecutor'
2020-03-19 21:54:32,152 INFO org.springframework.security.web.DefaultSecurityFilterChain [main] Creating filter chain: any request, [org.springframework.security.web.context.request.async.WebAsyncManagerIntegrationFilter@1f38957, org.springframework.security.web.context.SecurityContextPersistenceFilter@9d200de, org.springframework.security.web.header.HeaderWriterFilter@6be25526, org.springframework.security.web.csrf.CsrfFilter@73ab3aac, org.springframework.security.web.authentication.logout.LogoutFilter@31da6b2e, org.springframework.security.web.authentication.UsernamePasswordAuthenticationFilter@5b12012e, org.springframework.security.web.authentication.ui.DefaultLoginPageGeneratingFilter@141e879d, org.springframework.security.web.authentication.ui.DefaultLogoutPageGeneratingFilter@2df3c564, org.springframework.security.web.authentication.www.BasicAuthenticationFilter@f202d6d, org.springframework.security.web.savedrequest.RequestCacheAwareFilter@646811d6, org.springframework.security.web.servletapi.SecurityContextHolderAwareRequestFilter@795fd838, org.springframework.security.web.authentication.AnonymousAuthenticationFilter@2715644a, org.springframework.security.web.session.SessionManagementFilter@66ba7e45, org.springframework.security.web.access.ExceptionTranslationFilter@769a58e5, org.springframework.security.web.access.intercept.FilterSecurityInterceptor@3ed0918d]
2020-03-19 21:54:32,417 INFO org.apache.juli.logging.DirectJDKLog [main] Starting ProtocolHandler ["http-nio-8813"]
2020-03-19 21:54:32,481 INFO org.springframework.boot.web.embedded.tomcat.TomcatWebServer [main] Tomcat started on port(s): 8813 (http) with context path ''
2020-03-19 21:54:32,493 INFO org.springframework.boot.StartupInfoLogger [main] Started SecurityappsApplication in 10.575 seconds (JVM running for 12.166)
2020-03-19 21:54:45,340 INFO org.apache.juli.logging.DirectJDKLog [http-nio-8813-exec-1] Initializing Spring DispatcherServlet 'dispatcherServlet'
2020-03-19 21:54:45,341 INFO org.springframework.web.servlet.FrameworkServlet [http-nio-8813-exec-1] Initializing Servlet 'dispatcherServlet'
2020-03-19 21:54:45,358 INFO org.springframework.web.servlet.FrameworkServlet [http-nio-8813-exec-1] Completed initialization in 17 ms
2020-03-19 21:54:53,049 WARN org.springframework.web.servlet.handler.AbstractHandlerExceptionResolver [http-nio-8813-exec-6] Resolved [org.springframework.web.HttpMediaTypeNotSupportedException: Content type '' not supported]
2020-03-19 21:55:19,764 WARN org.springframework.web.servlet.handler.AbstractHandlerExceptionResolver [http-nio-8813-exec-9] Resolved [org.springframework.web.HttpMediaTypeNotSupportedException: Content type '' not supported]
2020-03-19 21:55:23,173 WARN org.springframework.web.servlet.handler.AbstractHandlerExceptionResolver [http-nio-8813-exec-10] Resolved [org.springframework.web.HttpMediaTypeNotSupportedException: Content type '' not supported]
2020-03-19 21:55:46,050 INFO org.springframework.boot.StartupInfoLogger [main] Starting SecurityappsApplication on Raj with PID 7112 (G:\project\securityapps\securityapps\target\classes started by cyber in G:\project\securityapps)
2020-03-19 21:55:46,076 INFO org.springframework.boot.SpringApplication [main] No active profile set, falling back to default profiles: default
2020-03-19 21:55:51,482 INFO org.springframework.boot.web.embedded.tomcat.TomcatWebServer [main] Tomcat initialized with port(s): 8813 (http)
2020-03-19 21:55:51,515 INFO org.apache.juli.logging.DirectJDKLog [main] Initializing ProtocolHandler ["http-nio-8813"]
2020-03-19 21:55:51,518 INFO org.apache.juli.logging.DirectJDKLog [main] Starting service [Tomcat]
2020-03-19 21:55:51,519 INFO org.apache.juli.logging.DirectJDKLog [main] Starting Servlet engine: [Apache Tomcat/9.0.31]
2020-03-19 21:55:51,998 INFO org.apache.juli.logging.DirectJDKLog [main] Initializing Spring embedded WebApplicationContext
2020-03-19 21:55:51,999 INFO org.springframework.boot.web.servlet.context.ServletWebServerApplicationContext [main] Root WebApplicationContext: initialization completed in 5640 ms
2020-03-19 21:55:52,715 INFO org.springframework.scheduling.concurrent.ExecutorConfigurationSupport [main] Initializing ExecutorService 'applicationTaskExecutor'
2020-03-19 21:55:53,902 INFO org.springframework.security.web.DefaultSecurityFilterChain [main] Creating filter chain: any request, [org.springframework.security.web.context.request.async.WebAsyncManagerIntegrationFilter@352e787a, org.springframework.security.web.context.SecurityContextPersistenceFilter@2098d37d, org.springframework.security.web.header.HeaderWriterFilter@7f9ab969, org.springframework.security.web.csrf.CsrfFilter@2a22ad2b, org.springframework.security.web.authentication.logout.LogoutFilter@5b94ccbc, org.springframework.security.web.authentication.UsernamePasswordAuthenticationFilter@35ff8fc9, org.springframework.security.web.authentication.ui.DefaultLoginPageGeneratingFilter@3e7dfd44, org.springframework.security.web.authentication.ui.DefaultLogoutPageGeneratingFilter@159a48a6, org.springframework.security.web.authentication.www.BasicAuthenticationFilter@576c5536, org.springframework.security.web.savedrequest.RequestCacheAwareFilter@65fd6708, org.springframework.security.web.servletapi.SecurityContextHolderAwareRequestFilter@1ba05e38, org.springframework.security.web.authentication.AnonymousAuthenticationFilter@15bc339, org.springframework.security.web.session.SessionManagementFilter@746cd757, org.springframework.security.web.access.ExceptionTranslationFilter@67403656, org.springframework.security.web.access.intercept.FilterSecurityInterceptor@4dafba3e]
2020-03-19 21:55:54,286 INFO org.apache.juli.logging.DirectJDKLog [main] Starting ProtocolHandler ["http-nio-8813"]
2020-03-19 21:55:54,340 INFO org.springframework.boot.web.embedded.tomcat.TomcatWebServer [main] Tomcat started on port(s): 8813 (http) with context path ''
2020-03-19 21:55:54,347 INFO org.springframework.boot.StartupInfoLogger [main] Started SecurityappsApplication in 10.327 seconds (JVM running for 12.892)
2020-03-19 21:55:54,486 INFO org.apache.juli.logging.DirectJDKLog [http-nio-8813-exec-1] Initializing Spring DispatcherServlet 'dispatcherServlet'
2020-03-19 21:55:54,487 INFO org.springframework.web.servlet.FrameworkServlet [http-nio-8813-exec-1] Initializing Servlet 'dispatcherServlet'
2020-03-19 21:55:54,523 INFO org.springframework.web.servlet.FrameworkServlet [http-nio-8813-exec-1] Completed initialization in 35 ms
2020-03-19 21:56:15,792 ERROR raj.com.securityapps.controller.Controller [http-nio-8813-exec-8] securityTest payload {} : 
2020-03-19 21:57:20,261 INFO org.springframework.boot.StartupInfoLogger [main] Starting SecurityappsApplication on Raj with PID 5204 (G:\project\securityapps\securityapps\target\classes started by cyber in G:\project\securityapps)
2020-03-19 21:57:20,272 INFO org.springframework.boot.SpringApplication [main] No active profile set, falling back to default profiles: default
2020-03-19 21:57:24,864 INFO org.springframework.boot.web.embedded.tomcat.TomcatWebServer [main] Tomcat initialized with port(s): 8813 (http)
2020-03-19 21:57:24,904 INFO org.apache.juli.logging.DirectJDKLog [main] Initializing ProtocolHandler ["http-nio-8813"]
2020-03-19 21:57:24,907 INFO org.apache.juli.logging.DirectJDKLog [main] Starting service [Tomcat]
2020-03-19 21:57:24,917 INFO org.apache.juli.logging.DirectJDKLog [main] Starting Servlet engine: [Apache Tomcat/9.0.31]
2020-03-19 21:57:25,377 INFO org.apache.juli.logging.DirectJDKLog [main] Initializing Spring embedded WebApplicationContext
2020-03-19 21:57:25,378 INFO org.springframework.boot.web.servlet.context.ServletWebServerApplicationContext [main] Root WebApplicationContext: initialization completed in 4925 ms
2020-03-19 21:57:26,580 INFO org.springframework.scheduling.concurrent.ExecutorConfigurationSupport [main] Initializing ExecutorService 'applicationTaskExecutor'
2020-03-19 21:57:27,992 INFO org.springframework.security.web.DefaultSecurityFilterChain [main] Creating filter chain: any request, [org.springframework.security.web.context.request.async.WebAsyncManagerIntegrationFilter@41a374be, org.springframework.security.web.context.SecurityContextPersistenceFilter@7d78f3d5, org.springframework.security.web.header.HeaderWriterFilter@63dfada0, org.springframework.security.web.csrf.CsrfFilter@4277127c, org.springframework.security.web.authentication.logout.LogoutFilter@4b4ee511, org.springframework.security.web.authentication.UsernamePasswordAuthenticationFilter@3d1f558a, org.springframework.security.web.authentication.ui.DefaultLoginPageGeneratingFilter@43acd79e, org.springframework.security.web.authentication.ui.DefaultLogoutPageGeneratingFilter@11f9535b, org.springframework.security.web.authentication.www.BasicAuthenticationFilter@6801b414, org.springframework.security.web.savedrequest.RequestCacheAwareFilter@5115f590, org.springframework.security.web.servletapi.SecurityContextHolderAwareRequestFilter@3a790e40, org.springframework.security.web.authentication.AnonymousAuthenticationFilter@8cc8cdb, org.springframework.security.web.session.SessionManagementFilter@35a60674, org.springframework.security.web.access.ExceptionTranslationFilter@d5af0a5, org.springframework.security.web.access.intercept.FilterSecurityInterceptor@2596d7f4]
2020-03-19 21:57:28,099 INFO org.apache.juli.logging.DirectJDKLog [main] Starting ProtocolHandler ["http-nio-8813"]
2020-03-19 21:57:28,183 INFO org.springframework.boot.web.embedded.tomcat.TomcatWebServer [main] Tomcat started on port(s): 8813 (http) with context path ''
2020-03-19 21:57:28,192 INFO org.springframework.boot.StartupInfoLogger [main] Started SecurityappsApplication in 10.348 seconds (JVM running for 15.26)
2020-03-19 21:57:33,427 INFO org.apache.juli.logging.DirectJDKLog [http-nio-8813-exec-1] Initializing Spring DispatcherServlet 'dispatcherServlet'
2020-03-19 21:57:33,438 INFO org.springframework.web.servlet.FrameworkServlet [http-nio-8813-exec-1] Initializing Servlet 'dispatcherServlet'
2020-03-19 21:57:33,469 INFO org.springframework.web.servlet.FrameworkServlet [http-nio-8813-exec-1] Completed initialization in 30 ms
2020-03-19 21:57:38,819 ERROR raj.com.securityapps.controller.Controller [http-nio-8813-exec-4] securityTest payload {} : 
2020-03-19 21:57:44,008 ERROR raj.com.securityapps.controller.Controller [http-nio-8813-exec-5] securityTest payload {} : 
2020-03-19 21:58:34,447 INFO org.springframework.boot.StartupInfoLogger [main] Starting SecurityappsApplication on Raj with PID 15472 (G:\project\securityapps\securityapps\target\classes started by cyber in G:\project\securityapps)
2020-03-19 21:58:34,457 INFO org.springframework.boot.SpringApplication [main] No active profile set, falling back to default profiles: default
2020-03-19 21:58:39,348 INFO org.springframework.boot.web.embedded.tomcat.TomcatWebServer [main] Tomcat initialized with port(s): 8813 (http)
2020-03-19 21:58:39,381 INFO org.apache.juli.logging.DirectJDKLog [main] Initializing ProtocolHandler ["http-nio-8813"]
2020-03-19 21:58:39,382 INFO org.apache.juli.logging.DirectJDKLog [main] Starting service [Tomcat]
2020-03-19 21:58:39,384 INFO org.apache.juli.logging.DirectJDKLog [main] Starting Servlet engine: [Apache Tomcat/9.0.31]
2020-03-19 21:58:39,671 INFO org.apache.juli.logging.DirectJDKLog [main] Initializing Spring embedded WebApplicationContext
2020-03-19 21:58:39,672 INFO org.springframework.boot.web.servlet.context.ServletWebServerApplicationContext [main] Root WebApplicationContext: initialization completed in 5020 ms
2020-03-19 21:58:40,224 INFO org.springframework.scheduling.concurrent.ExecutorConfigurationSupport [main] Initializing ExecutorService 'applicationTaskExecutor'
2020-03-19 21:58:40,809 INFO org.springframework.boot.autoconfigure.security.servlet.UserDetailsServiceAutoConfiguration [main] 

Using generated security password: 5b48473c-8be0-468f-850c-beb5558a4d2b

2020-03-19 21:58:41,244 INFO org.springframework.security.web.DefaultSecurityFilterChain [main] Creating filter chain: any request, [org.springframework.security.web.context.request.async.WebAsyncManagerIntegrationFilter@6136998b, org.springframework.security.web.context.SecurityContextPersistenceFilter@2a389173, org.springframework.security.web.header.HeaderWriterFilter@15fdd1f2, org.springframework.security.web.csrf.CsrfFilter@59429fac, org.springframework.security.web.authentication.logout.LogoutFilter@7c6442c2, org.springframework.security.web.authentication.UsernamePasswordAuthenticationFilter@14e2e1c3, org.springframework.security.web.authentication.ui.DefaultLoginPageGeneratingFilter@42e22a53, org.springframework.security.web.authentication.ui.DefaultLogoutPageGeneratingFilter@57ce634f, org.springframework.security.web.authentication.www.BasicAuthenticationFilter@2df3c564, org.springframework.security.web.savedrequest.RequestCacheAwareFilter@4ba89729, org.springframework.security.web.servletapi.SecurityContextHolderAwareRequestFilter@15fb7a32, org.springframework.security.web.authentication.AnonymousAuthenticationFilter@b8a7e43, org.springframework.security.web.session.SessionManagementFilter@7573e12f, org.springframework.security.web.access.ExceptionTranslationFilter@511505e7, org.springframework.security.web.access.intercept.FilterSecurityInterceptor@1a35993f]
2020-03-19 21:58:41,606 INFO org.apache.juli.logging.DirectJDKLog [main] Starting ProtocolHandler ["http-nio-8813"]
2020-03-19 21:58:41,669 INFO org.springframework.boot.web.embedded.tomcat.TomcatWebServer [main] Tomcat started on port(s): 8813 (http) with context path ''
2020-03-19 21:58:41,677 INFO org.springframework.boot.StartupInfoLogger [main] Started SecurityappsApplication in 8.843 seconds (JVM running for 10.209)
2020-03-19 21:58:51,681 INFO org.apache.juli.logging.DirectJDKLog [http-nio-8813-exec-1] Initializing Spring DispatcherServlet 'dispatcherServlet'
2020-03-19 21:58:51,682 INFO org.springframework.web.servlet.FrameworkServlet [http-nio-8813-exec-1] Initializing Servlet 'dispatcherServlet'
2020-03-19 21:58:51,701 INFO org.springframework.web.servlet.FrameworkServlet [http-nio-8813-exec-1] Completed initialization in 19 ms
2020-03-19 22:00:57,130 DEBUG org.hibernate.validator.messageinterpolation.ResourceBundleMessageInterpolator [background-preinit] Loaded expression factory via original TCCL
2020-03-19 22:00:57,646 INFO org.springframework.boot.StartupInfoLogger [main] Starting SecurityappsApplication on Raj with PID 15256 (G:\project\securityapps\securityapps\target\classes started by cyber in G:\project\securityapps)
2020-03-19 22:00:57,652 INFO org.springframework.boot.SpringApplication [main] No active profile set, falling back to default profiles: default
2020-03-19 22:01:04,511 INFO org.springframework.boot.web.embedded.tomcat.TomcatWebServer [main] Tomcat initialized with port(s): 8813 (http)
2020-03-19 22:01:04,540 INFO org.apache.juli.logging.DirectJDKLog [main] Initializing ProtocolHandler ["http-nio-8813"]
2020-03-19 22:01:04,542 INFO org.apache.juli.logging.DirectJDKLog [main] Starting service [Tomcat]
2020-03-19 22:01:04,543 INFO org.apache.juli.logging.DirectJDKLog [main] Starting Servlet engine: [Apache Tomcat/9.0.31]
2020-03-19 22:01:04,895 INFO org.apache.juli.logging.DirectJDKLog [main] Initializing Spring embedded WebApplicationContext
2020-03-19 22:01:04,896 INFO org.springframework.boot.web.servlet.context.ServletWebServerApplicationContext [main] Root WebApplicationContext: initialization completed in 6996 ms
2020-03-19 22:01:05,600 INFO org.springframework.security.web.DefaultSecurityFilterChain [main] Creating filter chain: any request, [org.springframework.security.web.context.request.async.WebAsyncManagerIntegrationFilter@6ad6fa53, org.springframework.security.web.context.SecurityContextPersistenceFilter@65327f5, org.springframework.security.web.header.HeaderWriterFilter@6569dded, org.springframework.security.web.csrf.CsrfFilter@61533ae, org.springframework.security.web.authentication.logout.LogoutFilter@2b87581, org.springframework.security.web.authentication.UsernamePasswordAuthenticationFilter@5eeedb60, org.springframework.security.web.authentication.ui.DefaultLoginPageGeneratingFilter@6ac97b84, org.springframework.security.web.authentication.ui.DefaultLogoutPageGeneratingFilter@55ea2d70, org.springframework.security.web.authentication.www.BasicAuthenticationFilter@2b9b7f1f, org.springframework.security.web.savedrequest.RequestCacheAwareFilter@301d8120, org.springframework.security.web.servletapi.SecurityContextHolderAwareRequestFilter@2e3a5237, org.springframework.security.web.authentication.AnonymousAuthenticationFilter@5e742e4, org.springframework.security.web.session.SessionManagementFilter@710d7aff, org.springframework.security.web.access.ExceptionTranslationFilter@7b60c3e, org.springframework.security.web.access.intercept.FilterSecurityInterceptor@34cf5a97]
2020-03-19 22:01:06,035 INFO org.springframework.scheduling.concurrent.ExecutorConfigurationSupport [main] Initializing ExecutorService 'applicationTaskExecutor'
2020-03-19 22:01:06,797 INFO org.apache.juli.logging.DirectJDKLog [main] Starting ProtocolHandler ["http-nio-8813"]
2020-03-19 22:01:06,889 INFO org.springframework.boot.web.embedded.tomcat.TomcatWebServer [main] Tomcat started on port(s): 8813 (http) with context path ''
2020-03-19 22:01:06,897 INFO org.springframework.boot.StartupInfoLogger [main] Started SecurityappsApplication in 11.016 seconds (JVM running for 12.525)
2020-03-19 22:01:09,011 INFO org.apache.juli.logging.DirectJDKLog [http-nio-8813-exec-1] Initializing Spring DispatcherServlet 'dispatcherServlet'
2020-03-19 22:01:09,012 INFO org.springframework.web.servlet.FrameworkServlet [http-nio-8813-exec-1] Initializing Servlet 'dispatcherServlet'
2020-03-19 22:01:09,038 INFO org.springframework.web.servlet.FrameworkServlet [http-nio-8813-exec-1] Completed initialization in 24 ms
2020-03-19 22:01:18,966 ERROR raj.com.securityapps.controller.Controller [http-nio-8813-exec-5] securityTest payload {} : 
2020-03-19 22:01:36,078 ERROR raj.com.securityapps.controller.Controller [http-nio-8813-exec-9] securityTest payload {} : 
2020-03-19 22:06:28,042 INFO org.springframework.boot.StartupInfoLogger [main] Starting SecurityappsApplication on Raj with PID 16876 (G:\project\securityapps\securityapps\target\classes started by cyber in G:\project\securityapps)
2020-03-19 22:06:28,054 INFO org.springframework.boot.SpringApplication [main] No active profile set, falling back to default profiles: default
2020-03-19 22:06:34,351 INFO org.springframework.boot.web.embedded.tomcat.TomcatWebServer [main] Tomcat initialized with port(s): 8813 (http)
2020-03-19 22:06:34,381 INFO org.apache.juli.logging.DirectJDKLog [main] Initializing ProtocolHandler ["http-nio-8813"]
2020-03-19 22:06:34,383 INFO org.apache.juli.logging.DirectJDKLog [main] Starting service [Tomcat]
2020-03-19 22:06:34,383 INFO org.apache.juli.logging.DirectJDKLog [main] Starting Servlet engine: [Apache Tomcat/9.0.31]
2020-03-19 22:06:34,775 INFO org.apache.juli.logging.DirectJDKLog [main] Initializing Spring embedded WebApplicationContext
2020-03-19 22:06:34,780 INFO org.springframework.boot.web.servlet.context.ServletWebServerApplicationContext [main] Root WebApplicationContext: initialization completed in 6484 ms
2020-03-19 22:06:35,644 INFO org.springframework.security.web.DefaultSecurityFilterChain [main] Creating filter chain: any request, [org.springframework.security.web.context.request.async.WebAsyncManagerIntegrationFilter@4aac85fa, org.springframework.security.web.context.SecurityContextPersistenceFilter@1eea9d2d, org.springframework.security.web.header.HeaderWriterFilter@16fe9c29, org.springframework.security.web.csrf.CsrfFilter@1c12f3ee, org.springframework.security.web.authentication.logout.LogoutFilter@baf1bb3, org.springframework.security.web.authentication.UsernamePasswordAuthenticationFilter@5d58c727, org.springframework.security.web.authentication.ui.DefaultLoginPageGeneratingFilter@6f8f8a80, org.springframework.security.web.authentication.ui.DefaultLogoutPageGeneratingFilter@21fff664, org.springframework.security.web.authentication.www.BasicAuthenticationFilter@27b22f74, org.springframework.security.web.savedrequest.RequestCacheAwareFilter@bd2f5a9, org.springframework.security.web.servletapi.SecurityContextHolderAwareRequestFilter@a567e72, org.springframework.security.web.authentication.AnonymousAuthenticationFilter@6079cf5, org.springframework.security.web.session.SessionManagementFilter@4525d1d3, org.springframework.security.web.access.ExceptionTranslationFilter@1b9c1b51, org.springframework.security.web.access.intercept.FilterSecurityInterceptor@25b865b5]
2020-03-19 22:06:36,030 INFO org.springframework.scheduling.concurrent.ExecutorConfigurationSupport [main] Initializing ExecutorService 'applicationTaskExecutor'
2020-03-19 22:06:36,751 INFO org.apache.juli.logging.DirectJDKLog [main] Starting ProtocolHandler ["http-nio-8813"]
2020-03-19 22:06:36,847 INFO org.springframework.boot.web.embedded.tomcat.TomcatWebServer [main] Tomcat started on port(s): 8813 (http) with context path ''
2020-03-19 22:06:36,856 INFO org.springframework.boot.StartupInfoLogger [main] Started SecurityappsApplication in 10.824 seconds (JVM running for 12.906)
2020-03-19 22:06:51,227 INFO org.apache.juli.logging.DirectJDKLog [http-nio-8813-exec-1] Initializing Spring DispatcherServlet 'dispatcherServlet'
2020-03-19 22:06:51,228 INFO org.springframework.web.servlet.FrameworkServlet [http-nio-8813-exec-1] Initializing Servlet 'dispatcherServlet'
2020-03-19 22:06:51,246 INFO org.springframework.web.servlet.FrameworkServlet [http-nio-8813-exec-1] Completed initialization in 17 ms
2020-03-19 22:23:19,722 INFO org.springframework.boot.StartupInfoLogger [main] Starting SecurityappsApplication on Raj with PID 15208 (G:\project\securityapps\securityapps\target\classes started by cyber in G:\project\securityapps)
2020-03-19 22:23:19,737 INFO org.springframework.boot.SpringApplication [main] No active profile set, falling back to default profiles: default
2020-03-19 22:23:25,564 INFO org.springframework.boot.web.embedded.tomcat.TomcatWebServer [main] Tomcat initialized with port(s): 8813 (http)
2020-03-19 22:23:25,586 INFO org.apache.juli.logging.DirectJDKLog [main] Initializing ProtocolHandler ["http-nio-8813"]
2020-03-19 22:23:25,588 INFO org.apache.juli.logging.DirectJDKLog [main] Starting service [Tomcat]
2020-03-19 22:23:25,589 INFO org.apache.juli.logging.DirectJDKLog [main] Starting Servlet engine: [Apache Tomcat/9.0.31]
2020-03-19 22:23:25,826 INFO org.apache.juli.logging.DirectJDKLog [main] Initializing Spring embedded WebApplicationContext
2020-03-19 22:23:25,827 INFO org.springframework.boot.web.servlet.context.ServletWebServerApplicationContext [main] Root WebApplicationContext: initialization completed in 5895 ms
2020-03-19 22:23:26,368 INFO org.springframework.security.web.DefaultSecurityFilterChain [main] Creating filter chain: any request, [org.springframework.security.web.context.request.async.WebAsyncManagerIntegrationFilter@cda0432, org.springframework.security.web.context.SecurityContextPersistenceFilter@522b2631, org.springframework.security.web.header.HeaderWriterFilter@585c13de, org.springframework.security.web.csrf.CsrfFilter@28cb9120, org.springframework.security.web.authentication.logout.LogoutFilter@6f6962ba, org.springframework.security.web.authentication.UsernamePasswordAuthenticationFilter@a567e72, org.springframework.security.web.authentication.ui.DefaultLoginPageGeneratingFilter@732bb66d, org.springframework.security.web.authentication.ui.DefaultLogoutPageGeneratingFilter@7c211fd0, org.springframework.security.web.savedrequest.RequestCacheAwareFilter@1ee29c84, org.springframework.security.web.servletapi.SecurityContextHolderAwareRequestFilter@60baef24, org.springframework.security.web.authentication.AnonymousAuthenticationFilter@7004e3d, org.springframework.security.web.session.SessionManagementFilter@726a6b94, org.springframework.security.web.access.ExceptionTranslationFilter@58065f0c, org.springframework.security.web.access.intercept.FilterSecurityInterceptor@4d4960c8]
2020-03-19 22:23:26,720 INFO org.springframework.scheduling.concurrent.ExecutorConfigurationSupport [main] Initializing ExecutorService 'applicationTaskExecutor'
2020-03-19 22:23:27,229 INFO org.apache.juli.logging.DirectJDKLog [main] Starting ProtocolHandler ["http-nio-8813"]
2020-03-19 22:23:27,334 INFO org.springframework.boot.web.embedded.tomcat.TomcatWebServer [main] Tomcat started on port(s): 8813 (http) with context path ''
2020-03-19 22:23:27,349 INFO org.springframework.boot.StartupInfoLogger [main] Started SecurityappsApplication in 9.253 seconds (JVM running for 10.715)
2020-03-19 22:26:10,247 INFO org.apache.juli.logging.DirectJDKLog [http-nio-8813-exec-1] Initializing Spring DispatcherServlet 'dispatcherServlet'
2020-03-19 22:26:10,248 INFO org.springframework.web.servlet.FrameworkServlet [http-nio-8813-exec-1] Initializing Servlet 'dispatcherServlet'
2020-03-19 22:26:10,267 INFO org.springframework.web.servlet.FrameworkServlet [http-nio-8813-exec-1] Completed initialization in 19 ms
2020-03-19 22:27:25,886 INFO org.springframework.boot.StartupInfoLogger [main] Starting SecurityappsApplication on Raj with PID 6888 (G:\project\securityapps\securityapps\target\classes started by cyber in G:\project\securityapps)
2020-03-19 22:27:25,899 INFO org.springframework.boot.SpringApplication [main] No active profile set, falling back to default profiles: default
2020-03-19 22:27:30,531 INFO org.springframework.boot.web.embedded.tomcat.TomcatWebServer [main] Tomcat initialized with port(s): 8813 (http)
2020-03-19 22:27:30,554 INFO org.apache.juli.logging.DirectJDKLog [main] Initializing ProtocolHandler ["http-nio-8813"]
2020-03-19 22:27:30,556 INFO org.apache.juli.logging.DirectJDKLog [main] Starting service [Tomcat]
2020-03-19 22:27:30,556 INFO org.apache.juli.logging.DirectJDKLog [main] Starting Servlet engine: [Apache Tomcat/9.0.31]
2020-03-19 22:27:30,821 INFO org.apache.juli.logging.DirectJDKLog [main] Initializing Spring embedded WebApplicationContext
2020-03-19 22:27:30,822 INFO org.springframework.boot.web.servlet.context.ServletWebServerApplicationContext [main] Root WebApplicationContext: initialization completed in 4735 ms
2020-03-19 22:27:31,363 INFO org.springframework.security.web.DefaultSecurityFilterChain [main] Creating filter chain: any request, [org.springframework.security.web.context.request.async.WebAsyncManagerIntegrationFilter@5eeedb60, org.springframework.security.web.context.SecurityContextPersistenceFilter@1517f633, org.springframework.security.web.header.HeaderWriterFilter@6ad5923a, org.springframework.security.web.csrf.CsrfFilter@187eb9a8, org.springframework.security.web.authentication.logout.LogoutFilter@6a714237, org.springframework.security.web.authentication.UsernamePasswordAuthenticationFilter@5b3f3ba0, org.springframework.security.web.authentication.ui.DefaultLoginPageGeneratingFilter@710d7aff, org.springframework.security.web.authentication.ui.DefaultLogoutPageGeneratingFilter@40021799, org.springframework.security.web.savedrequest.RequestCacheAwareFilter@13d186db, org.springframework.security.web.servletapi.SecurityContextHolderAwareRequestFilter@6569dded, org.springframework.security.web.authentication.AnonymousAuthenticationFilter@4a1c0752, org.springframework.security.web.session.SessionManagementFilter@43b0ade, org.springframework.security.web.access.ExceptionTranslationFilter@720653c2, org.springframework.security.web.access.intercept.FilterSecurityInterceptor@588ffeb]
2020-03-19 22:27:31,796 INFO org.springframework.scheduling.concurrent.ExecutorConfigurationSupport [main] Initializing ExecutorService 'applicationTaskExecutor'
2020-03-19 22:27:32,269 INFO org.apache.juli.logging.DirectJDKLog [main] Starting ProtocolHandler ["http-nio-8813"]
2020-03-19 22:27:32,329 INFO org.springframework.boot.web.embedded.tomcat.TomcatWebServer [main] Tomcat started on port(s): 8813 (http) with context path ''
2020-03-19 22:27:32,336 INFO org.springframework.boot.StartupInfoLogger [main] Started SecurityappsApplication in 7.979 seconds (JVM running for 9.736)
2020-03-19 22:27:32,767 INFO org.apache.juli.logging.DirectJDKLog [http-nio-8813-exec-1] Initializing Spring DispatcherServlet 'dispatcherServlet'
2020-03-19 22:27:32,768 INFO org.springframework.web.servlet.FrameworkServlet [http-nio-8813-exec-1] Initializing Servlet 'dispatcherServlet'
2020-03-19 22:27:32,808 INFO org.springframework.web.servlet.FrameworkServlet [http-nio-8813-exec-1] Completed initialization in 38 ms
2020-03-19 22:59:12,683 INFO org.springframework.boot.StartupInfoLogger [main] Starting SecurityappsApplication on Raj with PID 16948 (G:\project\securityapps\securityapps\target\classes started by cyber in G:\project\securityapps)
2020-03-19 22:59:12,691 INFO org.springframework.boot.SpringApplication [main] No active profile set, falling back to default profiles: default
2020-03-19 22:59:16,759 INFO org.springframework.boot.web.embedded.tomcat.TomcatWebServer [main] Tomcat initialized with port(s): 8813 (http)
2020-03-19 22:59:16,779 INFO org.apache.juli.logging.DirectJDKLog [main] Initializing ProtocolHandler ["http-nio-8813"]
2020-03-19 22:59:16,780 INFO org.apache.juli.logging.DirectJDKLog [main] Starting service [Tomcat]
2020-03-19 22:59:16,781 INFO org.apache.juli.logging.DirectJDKLog [main] Starting Servlet engine: [Apache Tomcat/9.0.31]
2020-03-19 22:59:17,179 INFO org.apache.juli.logging.DirectJDKLog [main] Initializing Spring embedded WebApplicationContext
2020-03-19 22:59:17,179 INFO org.springframework.boot.web.servlet.context.ServletWebServerApplicationContext [main] Root WebApplicationContext: initialization completed in 4331 ms
2020-03-19 22:59:17,899 INFO org.springframework.security.web.DefaultSecurityFilterChain [main] Creating filter chain: any request, [org.springframework.security.web.context.request.async.WebAsyncManagerIntegrationFilter@21fff664, org.springframework.security.web.context.SecurityContextPersistenceFilter@7c974942, org.springframework.security.web.header.HeaderWriterFilter@2e52fb3e, org.springframework.security.web.csrf.CsrfFilter@75f2099, org.springframework.security.web.authentication.logout.LogoutFilter@71a3a190, org.springframework.security.web.authentication.UsernamePasswordAuthenticationFilter@27b22f74, org.springframework.security.web.authentication.ui.DefaultLoginPageGeneratingFilter@1a5b8489, org.springframework.security.web.authentication.ui.DefaultLogoutPageGeneratingFilter@6079cf5, org.springframework.security.web.savedrequest.RequestCacheAwareFilter@60921b21, org.springframework.security.web.servletapi.SecurityContextHolderAwareRequestFilter@6ce90bc5, org.springframework.security.web.authentication.AnonymousAuthenticationFilter@1e6308a9, org.springframework.security.web.session.SessionManagementFilter@3e9803c2, org.springframework.security.web.access.ExceptionTranslationFilter@715fb77, org.springframework.security.web.access.intercept.FilterSecurityInterceptor@201aa8c1]
2020-03-19 22:59:18,239 INFO org.springframework.scheduling.concurrent.ExecutorConfigurationSupport [main] Initializing ExecutorService 'applicationTaskExecutor'
2020-03-19 22:59:18,735 INFO org.apache.juli.logging.DirectJDKLog [main] Starting ProtocolHandler ["http-nio-8813"]
2020-03-19 22:59:18,809 INFO org.springframework.boot.web.embedded.tomcat.TomcatWebServer [main] Tomcat started on port(s): 8813 (http) with context path ''
2020-03-19 22:59:18,818 INFO org.springframework.boot.StartupInfoLogger [main] Started SecurityappsApplication in 7.512 seconds (JVM running for 8.752)
2020-03-19 22:59:28,641 INFO org.apache.juli.logging.DirectJDKLog [http-nio-8813-exec-1] Initializing Spring DispatcherServlet 'dispatcherServlet'
2020-03-19 22:59:28,642 INFO org.springframework.web.servlet.FrameworkServlet [http-nio-8813-exec-1] Initializing Servlet 'dispatcherServlet'
2020-03-19 22:59:28,663 INFO org.springframework.web.servlet.FrameworkServlet [http-nio-8813-exec-1] Completed initialization in 20 ms
2020-03-19 23:00:21,586 INFO org.springframework.boot.StartupInfoLogger [main] Starting SecurityappsApplication on Raj with PID 15668 (G:\project\securityapps\securityapps\target\classes started by cyber in G:\project\securityapps)
2020-03-19 23:00:21,596 INFO org.springframework.boot.SpringApplication [main] No active profile set, falling back to default profiles: default
2020-03-19 23:00:26,190 INFO org.springframework.boot.web.embedded.tomcat.TomcatWebServer [main] Tomcat initialized with port(s): 8813 (http)
2020-03-19 23:00:26,214 INFO org.apache.juli.logging.DirectJDKLog [main] Initializing ProtocolHandler ["http-nio-8813"]
2020-03-19 23:00:26,215 INFO org.apache.juli.logging.DirectJDKLog [main] Starting service [Tomcat]
2020-03-19 23:00:26,216 INFO org.apache.juli.logging.DirectJDKLog [main] Starting Servlet engine: [Apache Tomcat/9.0.31]
2020-03-19 23:00:26,424 INFO org.apache.juli.logging.DirectJDKLog [main] Initializing Spring embedded WebApplicationContext
2020-03-19 23:00:26,425 INFO org.springframework.boot.web.servlet.context.ServletWebServerApplicationContext [main] Root WebApplicationContext: initialization completed in 4642 ms
2020-03-19 23:00:27,213 INFO org.springframework.security.web.DefaultSecurityFilterChain [main] Creating filter chain: any request, [org.springframework.security.web.context.request.async.WebAsyncManagerIntegrationFilter@6872f9c8, org.springframework.security.web.context.SecurityContextPersistenceFilter@29182679, org.springframework.security.web.header.HeaderWriterFilter@5432050b, org.springframework.security.web.csrf.CsrfFilter@2e3a5237, org.springframework.security.web.authentication.logout.LogoutFilter@bd2f5a9, org.springframework.security.web.authentication.UsernamePasswordAuthenticationFilter@1869f114, org.springframework.security.web.authentication.ui.DefaultLoginPageGeneratingFilter@11653e3b, org.springframework.security.web.authentication.ui.DefaultLogoutPageGeneratingFilter@6d2d99fc, org.springframework.security.web.savedrequest.RequestCacheAwareFilter@5cbb84b1, org.springframework.security.web.servletapi.SecurityContextHolderAwareRequestFilter@5b78fdb1, org.springframework.security.web.authentication.AnonymousAuthenticationFilter@bdecc21, org.springframework.security.web.session.SessionManagementFilter@1c12f3ee, org.springframework.security.web.access.ExceptionTranslationFilter@693e4d19, org.springframework.security.web.access.intercept.FilterSecurityInterceptor@6bcbf05b]
2020-03-19 23:00:27,564 INFO org.springframework.scheduling.concurrent.ExecutorConfigurationSupport [main] Initializing ExecutorService 'applicationTaskExecutor'
2020-03-19 23:00:27,979 INFO org.apache.juli.logging.DirectJDKLog [main] Starting ProtocolHandler ["http-nio-8813"]
2020-03-19 23:00:28,231 INFO org.springframework.boot.web.embedded.tomcat.TomcatWebServer [main] Tomcat started on port(s): 8813 (http) with context path ''
2020-03-19 23:00:28,239 INFO org.springframework.boot.StartupInfoLogger [main] Started SecurityappsApplication in 8.065 seconds (JVM running for 9.226)
2020-03-19 23:00:34,137 INFO org.apache.juli.logging.DirectJDKLog [http-nio-8813-exec-1] Initializing Spring DispatcherServlet 'dispatcherServlet'
2020-03-19 23:00:34,138 INFO org.springframework.web.servlet.FrameworkServlet [http-nio-8813-exec-1] Initializing Servlet 'dispatcherServlet'
2020-03-19 23:00:34,153 INFO org.springframework.web.servlet.FrameworkServlet [http-nio-8813-exec-1] Completed initialization in 15 ms
